{
  "RSpec": {
    "coverage": {
      "/Users/mfv-computer-0177/mfw/measure_coverage_standard/ruby/lib/ruby_rspec.rb": {
        "lines": [
          null,
          null,
          1,
          null,
          null,
          1,
          1,
          0,
          null,
          1,
          null,
          null,
          null
        ],
        "branches": {
          "[:if, 0, 7, 4, 11, 7]": {
            "[:then, 1, 8, 6, 8, 35]": 0,
            "[:else, 2, 10, 6, 10, 33]": 1
          }
        }
      }
    },
    "timestamp": 1692774382
  }
}
